<?xml version="1.0" encoding="UTF-8"?>
<!-- Generated by org.testng.reporters.JUnitXMLReporter -->
<testsuite ignored="9" hostname="DESKTOP-E9SKAKK" failures="0" tests="1" name="Default test" time="20.087" errors="0" timestamp="2023-05-11T13:37:00 IST">
  <testcase classname="com.master_module.MasterModuleTestScripts" name="verifyCustomerCreateViewExportAsEditFilter" time="17.566"/>
  <testcase classname="com.master_module.MasterModuleTestScripts" name="verifyNavigateFunctionalityInCustomer" time="0.0">
    <ignored/>
  </testcase> <!-- verifyNavigateFunctionalityInCustomer -->
  <testcase classname="com.master_module.MasterModuleTestScripts" name="verifyBranchesCreateViewExportAsEditFilter" time="0.0">
    <ignored/>
  </testcase> <!-- verifyBranchesCreateViewExportAsEditFilter -->
  <testcase classname="com.master_module.MasterModuleTestScripts" name="verifyNavigateFunctionalityInBranches" time="0.0">
    <ignored/>
  </testcase> <!-- verifyNavigateFunctionalityInBranches -->
  <testcase classname="com.master_module.MasterModuleTestScripts" name="verifyServiceTypeCreateViewExportAsEditFilter" time="0.0">
    <ignored/>
  </testcase> <!-- verifyServiceTypeCreateViewExportAsEditFilter -->
  <testcase classname="com.master_module.MasterModuleTestScripts" name="verifyAirlineCreateViewExportAsEditFilter" time="0.0">
    <ignored/>
  </testcase> <!-- verifyAirlineCreateViewExportAsEditFilter -->
  <testcase classname="com.master_module.MasterModuleTestScripts" name="verifyNavigateFunctionalityInAirlines" time="0.0">
    <ignored/>
  </testcase> <!-- verifyNavigateFunctionalityInAirlines -->
  <testcase classname="com.master_module.MasterModuleTestScripts" name="navigateFunctionalityInAirlines" time="0.0">
    <ignored/>
  </testcase> <!-- navigateFunctionalityInAirlines -->
  <testcase classname="com.master_module.MasterModuleTestScripts" name="verifyAdminLoginPage" time="0.0">
    <ignored/>
  </testcase> <!-- verifyAdminLoginPage -->
  <testcase classname="com.master_module.MasterModuleTestScripts" name="verifyNavigateFunctionalityInServiceType" time="0.0">
    <ignored/>
  </testcase> <!-- verifyNavigateFunctionalityInServiceType -->
</testsuite> <!-- Default test -->
