<?xml version="1.0" encoding="UTF-8"?>
<!-- Generated by org.testng.reporters.JUnitXMLReporter -->
<testsuite ignored="6" hostname="DESKTOP-E9SKAKK" failures="0" tests="1" name="Default test" time="26.711" errors="0" timestamp="2023-05-08T16:11:51 IST">
  <testcase classname="com.master_module.MasterModuleTestScripts" name="verifyAirlineCreateViewExportAsEditFilter" time="24.165"/>
  <testcase classname="com.master_module.MasterModuleTestScripts" name="verifyNavigateFunctionalityInCustomer" time="0.0">
    <ignored/>
  </testcase> <!-- verifyNavigateFunctionalityInCustomer -->
  <testcase classname="com.master_module.MasterModuleTestScripts" name="verifyBranchesCreateViewExportAsEditFilter" time="0.0">
    <ignored/>
  </testcase> <!-- verifyBranchesCreateViewExportAsEditFilter -->
  <testcase classname="com.master_module.MasterModuleTestScripts" name="verifyNavigateFunctionalityInBranches" time="0.0">
    <ignored/>
  </testcase> <!-- verifyNavigateFunctionalityInBranches -->
  <testcase classname="com.master_module.MasterModuleTestScripts" name="verifyNavigateFunctionalityInAirlines" time="0.0">
    <ignored/>
  </testcase> <!-- verifyNavigateFunctionalityInAirlines -->
  <testcase classname="com.master_module.MasterModuleTestScripts" name="verifyCustomer_Create_View_ExportAs_Edit_Filter" time="0.0">
    <ignored/>
  </testcase> <!-- verifyCustomer_Create_View_ExportAs_Edit_Filter -->
  <testcase classname="com.master_module.MasterModuleTestScripts" name="verifyAdminLoginPage" time="0.0">
    <ignored/>
  </testcase> <!-- verifyAdminLoginPage -->
</testsuite> <!-- Default test -->
