<?xml version="1.0" encoding="UTF-8"?>
<testng-results ignored="5" total="6" passed="1" failed="0" skipped="0">
  <reporter-output>
  </reporter-output>
  <suite started-at="2023-05-04T17:01:57 IST" name="Default suite" finished-at="2023-05-04T17:02:25 IST" duration-ms="27872">
    <groups>
    </groups>
    <test started-at="2023-05-04T17:01:57 IST" name="Default test" finished-at="2023-05-04T17:02:25 IST" duration-ms="27872">
      <class name="com.master_module.MasterModuleTestScripts">
        <test-method is-config="true" signature="initializeChrome()[pri:0, instance:com.master_module.MasterModuleTestScripts@3527942a]" started-at="2023-05-04T17:01:57 IST" name="initializeChrome" finished-at="2023-05-04T17:01:59 IST" duration-ms="2195" status="PASS">
          <reporter-output>
          </reporter-output>
        </test-method> <!-- initializeChrome -->
        <test-method signature="verifyAdminLoginPage()[pri:0, instance:com.master_module.MasterModuleTestScripts@3527942a]" started-at="2023-05-04T17:02:00 IST" name="verifyAdminLoginPage" description="This testcase verifies login functionality" finished-at="2023-05-04T17:02:25 IST" duration-ms="25636" status="PASS">
          <reporter-output>
          </reporter-output>
        </test-method> <!-- verifyAdminLoginPage -->
      </class> <!-- com.master_module.MasterModuleTestScripts -->
    </test> <!-- Default test -->
  </suite> <!-- Default suite -->
</testng-results>
